Base path: 'C:/Program Files/Unity/Hub/Editor/2019.3.0f6/Editor/Data', plugins path 'C:/Program Files/Unity/Hub/Editor/2019.3.0f6/Editor/Data/PlaybackEngines'
Cmd: initializeCompiler
Cmd: compileComputeKernel
  api=4 insize=1372 outsize=666 ok=1
Cmd: compileComputeKernel
  api=9 insize=5015 outsize=6777 ok=1
Cmd: compileComputeKernel
  api=9 insize=10338 outsize=7762 ok=1
Cmd: compileComputeKernel
  api=4 insize=1165 outsize=1319 ok=1
Cmd: compileComputeKernel
  error: 1 plat 9 at Packages/com.unity.render-pipelines.core/ShaderLibrary/Common.hlsl(1028): conversion from larger type to smaller, possible loss of data
  error: 1 plat 9 at Packages/com.unity.render-pipelines.core/ShaderLibrary/Packing.hlsl(127): conversion from larger type to smaller, possible loss of data
  error: 1 plat 9 at Packages/com.unity.render-pipelines.core/ShaderLibrary/Packing.hlsl(128): conversion from larger type to smaller, possible loss of data
  error: 1 plat 9 at Packages/com.unity.render-pipelines.core/ShaderLibrary/Packing.hlsl(129): conversion from larger type to smaller, possible loss of data
  error: 1 plat 9 at Packages/com.unity.render-pipelines.core/ShaderLibrary/Packing.hlsl(130): conversion from larger type to smaller, possible loss of data
  error: 1 plat 9 at Packages/com.unity.render-pipelines.core/ShaderLibrary/Packing.hlsl(150): conversion from larger type to smaller, possible loss of data
  error: 1 plat 9 at Packages/com.unity.render-pipelines.core/ShaderLibrary/Packing.hlsl(336): conversion from larger type to smaller, possible loss of data
  error: 1 plat 9 at Packages/com.unity.render-pipelines.core/ShaderLibrary/Packing.hlsl(343): conversion from larger type to smaller, possible loss of data
  error: 1 plat 9 at Packages/com.unity.render-pipelines.core/ShaderLibrary/Packing.hlsl(478): conversion from larger type to smaller, possible loss of data
  error: 1 plat 9 at Packages/com.unity.render-pipelines.core/ShaderLibrary/SpaceTransforms.hlsl(176): conversion from larger type to smaller, possible loss of data
  error: 1 plat 9 at Packages/com.unity.render-pipelines.core/ShaderLibrary/SpaceTransforms.hlsl(183): 'TransformWorldToTangent': conversion from larger type to smaller, possible loss of data
  error: 1 plat 9 at Packages/com.unity.render-pipelines.universal/ShaderLibrary/Core.hlsl(79): conversion from larger type to smaller, possible loss of data
  error: 1 plat 9 at Packages/com.unity.render-pipelines.universal/ShaderLibrary/Core.hlsl(81): 'TransformObjectToWorldDir': conversion from larger type to smaller, possible loss of data
  error: 1 plat 9 at Packages/com.unity.render-pipelines.universal/ShaderLibrary/Core.hlsl(82): conversion from larger type to smaller, possible loss of data
  error: 1 plat 9 at Packages/com.unity.render-pipelines.universal/ShaderLibrary/Core.hlsl(113): conversion from larger type to smaller, possible loss of data
  error: 1 plat 9 at Packages/com.unity.render-pipelines.universal/ShaderLibrary/Core.hlsl(171): conversion from larger type to smaller, possible loss of data
  error: 1 plat 9 at Packages/com.unity.render-pipelines.universal/ShaderLibrary/Core.hlsl(177): conversion from larger type to smaller, possible loss of data
  api=9 insize=9840 outsize=10606 ok=1
Cmd: compileComputeKernel
  error: 1 plat 9 at Packages/com.unity.render-pipelines.core/ShaderLibrary/Common.hlsl(1028): conversion from larger type to smaller, possible loss of data
  error: 1 plat 9 at Packages/com.unity.render-pipelines.core/ShaderLibrary/Packing.hlsl(127): conversion from larger type to smaller, possible loss of data
  error: 1 plat 9 at Packages/com.unity.render-pipelines.core/ShaderLibrary/Packing.hlsl(128): conversion from larger type to smaller, possible loss of data
  error: 1 plat 9 at Packages/com.unity.render-pipelines.core/ShaderLibrary/Packing.hlsl(129): conversion from larger type to smaller, possible loss of data
  error: 1 plat 9 at Packages/com.unity.render-pipelines.core/ShaderLibrary/Packing.hlsl(130): conversion from larger type to smaller, possible loss of data
  error: 1 plat 9 at Packages/com.unity.render-pipelines.core/ShaderLibrary/Packing.hlsl(150): conversion from larger type to smaller, possible loss of data
  error: 1 plat 9 at Packages/com.unity.render-pipelines.core/ShaderLibrary/Packing.hlsl(336): conversion from larger type to smaller, possible loss of data
  error: 1 plat 9 at Packages/com.unity.render-pipelines.core/ShaderLibrary/Packing.hlsl(343): conversion from larger type to smaller, possible loss of data
  error: 1 plat 9 at Packages/com.unity.render-pipelines.core/ShaderLibrary/Packing.hlsl(478): conversion from larger type to smaller, possible loss of data
  error: 1 plat 9 at Packages/com.unity.render-pipelines.core/ShaderLibrary/SpaceTransforms.hlsl(176): conversion from larger type to smaller, possible loss of data
  error: 1 plat 9 at Packages/com.unity.render-pipelines.core/ShaderLibrary/SpaceTransforms.hlsl(183): 'TransformWorldToTangent': conversion from larger type to smaller, possible loss of data
  error: 1 plat 9 at Packages/com.unity.render-pipelines.universal/ShaderLibrary/Core.hlsl(79): conversion from larger type to smaller, possible loss of data
  error: 1 plat 9 at Packages/com.unity.render-pipelines.universal/ShaderLibrary/Core.hlsl(81): 'TransformObjectToWorldDir': conversion from larger type to smaller, possible loss of data
  error: 1 plat 9 at Packages/com.unity.render-pipelines.universal/ShaderLibrary/Core.hlsl(82): conversion from larger type to smaller, possible loss of data
  error: 1 plat 9 at Packages/com.unity.render-pipelines.universal/ShaderLibrary/Core.hlsl(113): conversion from larger type to smaller, possible loss of data
  error: 1 plat 9 at Packages/com.unity.render-pipelines.universal/ShaderLibrary/Core.hlsl(171): conversion from larger type to smaller, possible loss of data
  error: 1 plat 9 at Packages/com.unity.render-pipelines.universal/ShaderLibrary/Core.hlsl(177): conversion from larger type to smaller, possible loss of data
  api=9 insize=5824 outsize=3991 ok=1
Cmd: compileComputeKernel
  error: 1 plat 9 at Packages/com.unity.render-pipelines.core/ShaderLibrary/Common.hlsl(1028): conversion from larger type to smaller, possible loss of data
  error: 1 plat 9 at Packages/com.unity.render-pipelines.core/ShaderLibrary/Packing.hlsl(127): conversion from larger type to smaller, possible loss of data
  error: 1 plat 9 at Packages/com.unity.render-pipelines.core/ShaderLibrary/Packing.hlsl(128): conversion from larger type to smaller, possible loss of data
  error: 1 plat 9 at Packages/com.unity.render-pipelines.core/ShaderLibrary/Packing.hlsl(129): conversion from larger type to smaller, possible loss of data
  error: 1 plat 9 at Packages/com.unity.render-pipelines.core/ShaderLibrary/Packing.hlsl(130): conversion from larger type to smaller, possible loss of data
  error: 1 plat 9 at Packages/com.unity.render-pipelines.core/ShaderLibrary/Packing.hlsl(150): conversion from larger type to smaller, possible loss of data
  error: 1 plat 9 at Packages/com.unity.render-pipelines.core/ShaderLibrary/Packing.hlsl(336): conversion from larger type to smaller, possible loss of data
  error: 1 plat 9 at Packages/com.unity.render-pipelines.core/ShaderLibrary/Packing.hlsl(343): conversion from larger type to smaller, possible loss of data
  error: 1 plat 9 at Packages/com.unity.render-pipelines.core/ShaderLibrary/Packing.hlsl(478): conversion from larger type to smaller, possible loss of data
  error: 1 plat 9 at Packages/com.unity.render-pipelines.core/ShaderLibrary/SpaceTransforms.hlsl(176): conversion from larger type to smaller, possible loss of data
  error: 1 plat 9 at Packages/com.unity.render-pipelines.core/ShaderLibrary/SpaceTransforms.hlsl(183): 'TransformWorldToTangent': conversion from larger type to smaller, possible loss of data
  error: 1 plat 9 at Packages/com.unity.render-pipelines.universal/ShaderLibrary/Core.hlsl(79): conversion from larger type to smaller, possible loss of data
  error: 1 plat 9 at Packages/com.unity.render-pipelines.universal/ShaderLibrary/Core.hlsl(81): 'TransformObjectToWorldDir': conversion from larger type to smaller, possible loss of data
  error: 1 plat 9 at Packages/com.unity.render-pipelines.universal/ShaderLibrary/Core.hlsl(82): conversion from larger type to smaller, possible loss of data
  error: 1 plat 9 at Packages/com.unity.render-pipelines.universal/ShaderLibrary/Core.hlsl(113): conversion from larger type to smaller, possible loss of data
  error: 1 plat 9 at Packages/com.unity.render-pipelines.universal/ShaderLibrary/Core.hlsl(171): conversion from larger type to smaller, possible loss of data
  error: 1 plat 9 at Packages/com.unity.render-pipelines.universal/ShaderLibrary/Core.hlsl(177): conversion from larger type to smaller, possible loss of data
  api=9 insize=1971 outsize=3209 ok=1
Cmd: compileComputeKernel
  api=4 insize=7226 outsize=2359 ok=1
Cmd: compileComputeKernel
  error: 1 plat 9 at Packages/com.unity.render-pipelines.core/ShaderLibrary/Common.hlsl(1028): conversion from larger type to smaller, possible loss of data
  error: 1 plat 9 at Packages/com.unity.render-pipelines.core/ShaderLibrary/Packing.hlsl(127): conversion from larger type to smaller, possible loss of data
  error: 1 plat 9 at Packages/com.unity.render-pipelines.core/ShaderLibrary/Packing.hlsl(128): conversion from larger type to smaller, possible loss of data
  error: 1 plat 9 at Packages/com.unity.render-pipelines.core/ShaderLibrary/Packing.hlsl(129): conversion from larger type to smaller, possible loss of data
  error: 1 plat 9 at Packages/com.unity.render-pipelines.core/ShaderLibrary/Packing.hlsl(130): conversion from larger type to smaller, possible loss of data
  error: 1 plat 9 at Packages/com.unity.render-pipelines.core/ShaderLibrary/Packing.hlsl(150): conversion from larger type to smaller, possible loss of data
  error: 1 plat 9 at Packages/com.unity.render-pipelines.core/ShaderLibrary/Packing.hlsl(336): conversion from larger type to smaller, possible loss of data
  error: 1 plat 9 at Packages/com.unity.render-pipelines.core/ShaderLibrary/Packing.hlsl(343): conversion from larger type to smaller, possible loss of data
  error: 1 plat 9 at Packages/com.unity.render-pipelines.core/ShaderLibrary/Packing.hlsl(478): conversion from larger type to smaller, possible loss of data
  error: 1 plat 9 at Packages/com.unity.render-pipelines.core/ShaderLibrary/SpaceTransforms.hlsl(176): conversion from larger type to smaller, possible loss of data
  error: 1 plat 9 at Packages/com.unity.render-pipelines.core/ShaderLibrary/SpaceTransforms.hlsl(183): 'TransformWorldToTangent': conversion from larger type to smaller, possible loss of data
  error: 1 plat 9 at Packages/com.unity.render-pipelines.universal/ShaderLibrary/Core.hlsl(79): conversion from larger type to smaller, possible loss of data
  error: 1 plat 9 at Packages/com.unity.render-pipelines.universal/ShaderLibrary/Core.hlsl(81): 'TransformObjectToWorldDir': conversion from larger type to smaller, possible loss of data
  error: 1 plat 9 at Packages/com.unity.render-pipelines.universal/ShaderLibrary/Core.hlsl(82): conversion from larger type to smaller, possible loss of data
  error: 1 plat 9 at Packages/com.unity.render-pipelines.universal/ShaderLibrary/Core.hlsl(113): conversion from larger type to smaller, possible loss of data
  error: 1 plat 9 at Packages/com.unity.render-pipelines.universal/ShaderLibrary/Core.hlsl(171): conversion from larger type to smaller, possible loss of data
  error: 1 plat 9 at Packages/com.unity.render-pipelines.universal/ShaderLibrary/Core.hlsl(177): conversion from larger type to smaller, possible loss of data
  api=9 insize=5792 outsize=3599 ok=1
Cmd: compileComputeKernel
  api=4 insize=7264 outsize=2163 ok=1
Cmd: compileComputeKernel
  api=4 insize=17917 outsize=7091 ok=1
Cmd: compileComputeKernel
  api=4 insize=8336 outsize=2378 ok=1
Cmd: compileComputeKernel
  api=4 insize=6491 outsize=1478 ok=1
Cmd: compileComputeKernel
  api=4 insize=7092 outsize=2359 ok=1
Cmd: compileComputeKernel
  error: 1 plat 9 at Packages/com.unity.render-pipelines.core/ShaderLibrary/Common.hlsl(1028): conversion from larger type to smaller, possible loss of data
  error: 1 plat 9 at Packages/com.unity.render-pipelines.core/ShaderLibrary/Packing.hlsl(127): conversion from larger type to smaller, possible loss of data
  error: 1 plat 9 at Packages/com.unity.render-pipelines.core/ShaderLibrary/Packing.hlsl(128): conversion from larger type to smaller, possible loss of data
  error: 1 plat 9 at Packages/com.unity.render-pipelines.core/ShaderLibrary/Packing.hlsl(129): conversion from larger type to smaller, possible loss of data
  error: 1 plat 9 at Packages/com.unity.render-pipelines.core/ShaderLibrary/Packing.hlsl(130): conversion from larger type to smaller, possible loss of data
  error: 1 plat 9 at Packages/com.unity.render-pipelines.core/ShaderLibrary/Packing.hlsl(150): conversion from larger type to smaller, possible loss of data
  error: 1 plat 9 at Packages/com.unity.render-pipelines.core/ShaderLibrary/Packing.hlsl(336): conversion from larger type to smaller, possible loss of data
  error: 1 plat 9 at Packages/com.unity.render-pipelines.core/ShaderLibrary/Packing.hlsl(343): conversion from larger type to smaller, possible loss of data
  error: 1 plat 9 at Packages/com.unity.render-pipelines.core/ShaderLibrary/Packing.hlsl(478): conversion from larger type to smaller, possible loss of data
  error: 1 plat 9 at Packages/com.unity.render-pipelines.core/ShaderLibrary/SpaceTransforms.hlsl(176): conversion from larger type to smaller, possible loss of data
  error: 1 plat 9 at Packages/com.unity.render-pipelines.core/ShaderLibrary/SpaceTransforms.hlsl(183): 'TransformWorldToTangent': conversion from larger type to smaller, possible loss of data
  error: 1 plat 9 at Packages/com.unity.render-pipelines.universal/ShaderLibrary/Core.hlsl(79): conversion from larger type to smaller, possible loss of data
  error: 1 plat 9 at Packages/com.unity.render-pipelines.universal/ShaderLibrary/Core.hlsl(81): 'TransformObjectToWorldDir': conversion from larger type to smaller, possible loss of data
  error: 1 plat 9 at Packages/com.unity.render-pipelines.universal/ShaderLibrary/Core.hlsl(82): conversion from larger type to smaller, possible loss of data
  error: 1 plat 9 at Packages/com.unity.render-pipelines.universal/ShaderLibrary/Core.hlsl(113): conversion from larger type to smaller, possible loss of data
  error: 1 plat 9 at Packages/com.unity.render-pipelines.universal/ShaderLibrary/Core.hlsl(171): conversion from larger type to smaller, possible loss of data
  error: 1 plat 9 at Packages/com.unity.render-pipelines.universal/ShaderLibrary/Core.hlsl(177): conversion from larger type to smaller, possible loss of data
  api=9 insize=5675 outsize=3599 ok=1
Cmd: compileComputeKernel
  error: 1 plat 9 at Packages/com.unity.render-pipelines.core/ShaderLibrary/Common.hlsl(1028): conversion from larger type to smaller, possible loss of data
  error: 1 plat 9 at Packages/com.unity.render-pipelines.core/ShaderLibrary/Packing.hlsl(127): conversion from larger type to smaller, possible loss of data
  error: 1 plat 9 at Packages/com.unity.render-pipelines.core/ShaderLibrary/Packing.hlsl(128): conversion from larger type to smaller, possible loss of data
  error: 1 plat 9 at Packages/com.unity.render-pipelines.core/ShaderLibrary/Packing.hlsl(129): conversion from larger type to smaller, possible loss of data
  error: 1 plat 9 at Packages/com.unity.render-pipelines.core/ShaderLibrary/Packing.hlsl(130): conversion from larger type to smaller, possible loss of data
  error: 1 plat 9 at Packages/com.unity.render-pipelines.core/ShaderLibrary/Packing.hlsl(150): conversion from larger type to smaller, possible loss of data
  error: 1 plat 9 at Packages/com.unity.render-pipelines.core/ShaderLibrary/Packing.hlsl(336): conversion from larger type to smaller, possible loss of data
  error: 1 plat 9 at Packages/com.unity.render-pipelines.core/ShaderLibrary/Packing.hlsl(343): conversion from larger type to smaller, possible loss of data
  error: 1 plat 9 at Packages/com.unity.render-pipelines.core/ShaderLibrary/Packing.hlsl(478): conversion from larger type to smaller, possible loss of data
  error: 1 plat 9 at Packages/com.unity.render-pipelines.core/ShaderLibrary/SpaceTransforms.hlsl(176): conversion from larger type to smaller, possible loss of data
  error: 1 plat 9 at Packages/com.unity.render-pipelines.core/ShaderLibrary/SpaceTransforms.hlsl(183): 'TransformWorldToTangent': conversion from larger type to smaller, possible loss of data
  error: 1 plat 9 at Packages/com.unity.render-pipelines.universal/ShaderLibrary/Core.hlsl(79): conversion from larger type to smaller, possible loss of data
  error: 1 plat 9 at Packages/com.unity.render-pipelines.universal/ShaderLibrary/Core.hlsl(81): 'TransformObjectToWorldDir': conversion from larger type to smaller, possible loss of data
  error: 1 plat 9 at Packages/com.unity.render-pipelines.universal/ShaderLibrary/Core.hlsl(82): conversion from larger type to smaller, possible loss of data
  error: 1 plat 9 at Packages/com.unity.render-pipelines.universal/ShaderLibrary/Core.hlsl(113): conversion from larger type to smaller, possible loss of data
  error: 1 plat 9 at Packages/com.unity.render-pipelines.universal/ShaderLibrary/Core.hlsl(171): conversion from larger type to smaller, possible loss of data
  error: 1 plat 9 at Packages/com.unity.render-pipelines.universal/ShaderLibrary/Core.hlsl(177): conversion from larger type to smaller, possible loss of data
  api=9 insize=9586 outsize=6630 ok=1
Cmd: compileComputeKernel
  error: 1 plat 9 at Packages/com.unity.render-pipelines.core/ShaderLibrary/Common.hlsl(1028): conversion from larger type to smaller, possible loss of data
  error: 1 plat 9 at Packages/com.unity.render-pipelines.core/ShaderLibrary/Packing.hlsl(127): conversion from larger type to smaller, possible loss of data
  error: 1 plat 9 at Packages/com.unity.render-pipelines.core/ShaderLibrary/Packing.hlsl(128): conversion from larger type to smaller, possible loss of data
  error: 1 plat 9 at Packages/com.unity.render-pipelines.core/ShaderLibrary/Packing.hlsl(129): conversion from larger type to smaller, possible loss of data
  error: 1 plat 9 at Packages/com.unity.render-pipelines.core/ShaderLibrary/Packing.hlsl(130): conversion from larger type to smaller, possible loss of data
  error: 1 plat 9 at Packages/com.unity.render-pipelines.core/ShaderLibrary/Packing.hlsl(150): conversion from larger type to smaller, possible loss of data
  error: 1 plat 9 at Packages/com.unity.render-pipelines.core/ShaderLibrary/Packing.hlsl(336): conversion from larger type to smaller, possible loss of data
  error: 1 plat 9 at Packages/com.unity.render-pipelines.core/ShaderLibrary/Packing.hlsl(343): conversion from larger type to smaller, possible loss of data
  error: 1 plat 9 at Packages/com.unity.render-pipelines.core/ShaderLibrary/Packing.hlsl(478): conversion from larger type to smaller, possible loss of data
  error: 1 plat 9 at Packages/com.unity.render-pipelines.core/ShaderLibrary/SpaceTransforms.hlsl(176): conversion from larger type to smaller, possible loss of data
  error: 1 plat 9 at Packages/com.unity.render-pipelines.core/ShaderLibrary/SpaceTransforms.hlsl(183): 'TransformWorldToTangent': conversion from larger type to smaller, possible loss of data
  error: 1 plat 9 at Packages/com.unity.render-pipelines.universal/ShaderLibrary/Core.hlsl(79): conversion from larger type to smaller, possible loss of data
  error: 1 plat 9 at Packages/com.unity.render-pipelines.universal/ShaderLibrary/Core.hlsl(81): 'TransformObjectToWorldDir': conversion from larger type to smaller, possible loss of data
  error: 1 plat 9 at Packages/com.unity.render-pipelines.universal/ShaderLibrary/Core.hlsl(82): conversion from larger type to smaller, possible loss of data
  error: 1 plat 9 at Packages/com.unity.render-pipelines.universal/ShaderLibrary/Core.hlsl(113): conversion from larger type to smaller, possible loss of data
  error: 1 plat 9 at Packages/com.unity.render-pipelines.universal/ShaderLibrary/Core.hlsl(171): conversion from larger type to smaller, possible loss of data
  error: 1 plat 9 at Packages/com.unity.render-pipelines.universal/ShaderLibrary/Core.hlsl(177): conversion from larger type to smaller, possible loss of data
  api=9 insize=9923 outsize=11013 ok=1
Cmd: compileComputeKernel
  api=4 insize=7230 outsize=2359 ok=1
Cmd: compileComputeKernel
  api=4 insize=5804 outsize=1402 ok=1
Cmd: compileComputeKernel
  api=4 insize=4884 outsize=1238 ok=1
Cmd: compileComputeKernel
  api=4 insize=8798 outsize=3011 ok=1
Cmd: compileComputeKernel
  api=4 insize=7214 outsize=6970 ok=1
Cmd: compileComputeKernel
  api=4 insize=8948 outsize=3403 ok=1
Cmd: compileComputeKernel
  api=4 insize=5792 outsize=1402 ok=1
Cmd: compileComputeKernel
  api=4 insize=9599 outsize=3851 ok=1
Cmd: compileSnippet
  api=4 type=1 insize=9552 outsize=2386 kw= pd=UNITY_NO_DXT5nm UNITY_ENABLE_REFLECTION_BUFFERS UNITY_NO_CUBEMAP_ARRAY UNITY_NO_SCREENSPACE_SHADOWS UNITY_PBS_USE_BRDF2 SHADER_API_DESKTOP UNITY_HARDWARE_TIER3 UNITY_LIGHTMAP_DLDR_ENCODING ok=1
