Base path: 'C:/Program Files/Unity/Hub/Editor/2019.3.0f6/Editor/Data', plugins path 'C:/Program Files/Unity/Hub/Editor/2019.3.0f6/Editor/Data/PlaybackEngines'
Cmd: initializeCompiler
Cmd: preprocess
  insize=1181 outsize=1181 ok=1
Cmd: preprocess
  insize=2026 outsize=1241 ok=1
Cmd: compileSnippet
  api=4 type=0 insize=1223 outsize=666 kw= pd=UNITY_ENABLE_REFLECTION_BUFFERS UNITY_USE_DITHER_MASK_FOR_ALPHABLENDED_SHADOWS UNITY_PBS_USE_BRDF1 UNITY_SPECCUBE_BOX_PROJECTION UNITY_SPECCUBE_BLENDING UNITY_ENABLE_DETAIL_NORMALMAP SHADER_API_DESKTOP UNITY_LIGHT_PROBE_PROXY_VOLUME UNITY_LIGHTMAP_FULL_HDR ok=1
Cmd: compileSnippet
  api=4 type=1 insize=1223 outsize=226 kw= pd=UNITY_ENABLE_REFLECTION_BUFFERS UNITY_USE_DITHER_MASK_FOR_ALPHABLENDED_SHADOWS UNITY_PBS_USE_BRDF1 UNITY_SPECCUBE_BOX_PROJECTION UNITY_SPECCUBE_BLENDING UNITY_ENABLE_DETAIL_NORMALMAP SHADER_API_DESKTOP UNITY_LIGHT_PROBE_PROXY_VOLUME UNITY_LIGHTMAP_FULL_HDR ok=1
Cmd: preprocess
  insize=3412 outsize=1570 ok=1
Cmd: compileSnippet
  api=4 type=0 insize=2285 outsize=858 kw= pd=UNITY_ENABLE_REFLECTION_BUFFERS UNITY_USE_DITHER_MASK_FOR_ALPHABLENDED_SHADOWS UNITY_PBS_USE_BRDF1 UNITY_SPECCUBE_BOX_PROJECTION UNITY_SPECCUBE_BLENDING UNITY_ENABLE_DETAIL_NORMALMAP SHADER_API_DESKTOP UNITY_LIGHT_PROBE_PROXY_VOLUME UNITY_LIGHTMAP_FULL_HDR ok=1
Cmd: compileSnippet
  api=4 type=1 insize=2285 outsize=446 kw= pd=UNITY_ENABLE_REFLECTION_BUFFERS UNITY_USE_DITHER_MASK_FOR_ALPHABLENDED_SHADOWS UNITY_PBS_USE_BRDF1 UNITY_SPECCUBE_BOX_PROJECTION UNITY_SPECCUBE_BLENDING UNITY_ENABLE_DETAIL_NORMALMAP SHADER_API_DESKTOP UNITY_LIGHT_PROBE_PROXY_VOLUME UNITY_LIGHTMAP_FULL_HDR ok=1
Cmd: preprocess
  insize=1737 outsize=1081 ok=1
Cmd: compileSnippet
  api=4 type=0 insize=1097 outsize=690 kw= pd=UNITY_ENABLE_REFLECTION_BUFFERS UNITY_USE_DITHER_MASK_FOR_ALPHABLENDED_SHADOWS UNITY_PBS_USE_BRDF1 UNITY_SPECCUBE_BOX_PROJECTION UNITY_SPECCUBE_BLENDING UNITY_ENABLE_DETAIL_NORMALMAP SHADER_API_DESKTOP UNITY_LIGHT_PROBE_PROXY_VOLUME UNITY_LIGHTMAP_FULL_HDR ok=1
Cmd: compileSnippet
  api=4 type=1 insize=1097 outsize=354 kw= pd=UNITY_ENABLE_REFLECTION_BUFFERS UNITY_USE_DITHER_MASK_FOR_ALPHABLENDED_SHADOWS UNITY_PBS_USE_BRDF1 UNITY_SPECCUBE_BOX_PROJECTION UNITY_SPECCUBE_BLENDING UNITY_ENABLE_DETAIL_NORMALMAP SHADER_API_DESKTOP UNITY_LIGHT_PROBE_PROXY_VOLUME UNITY_LIGHTMAP_FULL_HDR ok=1
Cmd: compileSnippet
  api=4 type=0 insize=1650 outsize=690 kw= pd=UNITY_ENABLE_REFLECTION_BUFFERS UNITY_USE_DITHER_MASK_FOR_ALPHABLENDED_SHADOWS UNITY_PBS_USE_BRDF1 UNITY_SPECCUBE_BOX_PROJECTION UNITY_SPECCUBE_BLENDING UNITY_ENABLE_DETAIL_NORMALMAP SHADER_API_DESKTOP UNITY_LIGHT_PROBE_PROXY_VOLUME UNITY_LIGHTMAP_FULL_HDR ok=1
Cmd: compileSnippet
  api=4 type=1 insize=1650 outsize=298 kw= pd=UNITY_ENABLE_REFLECTION_BUFFERS UNITY_USE_DITHER_MASK_FOR_ALPHABLENDED_SHADOWS UNITY_PBS_USE_BRDF1 UNITY_SPECCUBE_BOX_PROJECTION UNITY_SPECCUBE_BLENDING UNITY_ENABLE_DETAIL_NORMALMAP SHADER_API_DESKTOP UNITY_LIGHT_PROBE_PROXY_VOLUME UNITY_LIGHTMAP_FULL_HDR ok=1
Cmd: preprocess
  insize=3160 outsize=1801 ok=1
Cmd: compileSnippet
  api=4 type=0 insize=1802 outsize=834 kw= pd=UNITY_ENABLE_REFLECTION_BUFFERS UNITY_USE_DITHER_MASK_FOR_ALPHABLENDED_SHADOWS UNITY_PBS_USE_BRDF1 UNITY_SPECCUBE_BOX_PROJECTION UNITY_SPECCUBE_BLENDING UNITY_ENABLE_DETAIL_NORMALMAP SHADER_API_DESKTOP UNITY_LIGHT_PROBE_PROXY_VOLUME UNITY_LIGHTMAP_FULL_HDR ok=1
Cmd: compileSnippet
  api=4 type=1 insize=1802 outsize=666 kw= pd=UNITY_ENABLE_REFLECTION_BUFFERS UNITY_USE_DITHER_MASK_FOR_ALPHABLENDED_SHADOWS UNITY_PBS_USE_BRDF1 UNITY_SPECCUBE_BOX_PROJECTION UNITY_SPECCUBE_BLENDING UNITY_ENABLE_DETAIL_NORMALMAP SHADER_API_DESKTOP UNITY_LIGHT_PROBE_PROXY_VOLUME UNITY_LIGHTMAP_FULL_HDR ok=1
Cmd: preprocess
  insize=1203 outsize=1203 ok=1
Cmd: compileSnippet
  api=4 type=0 insize=1581 outsize=790 kw= pd=UNITY_ENABLE_REFLECTION_BUFFERS UNITY_USE_DITHER_MASK_FOR_ALPHABLENDED_SHADOWS UNITY_PBS_USE_BRDF1 UNITY_SPECCUBE_BOX_PROJECTION UNITY_SPECCUBE_BLENDING UNITY_ENABLE_DETAIL_NORMALMAP SHADER_API_DESKTOP UNITY_LIGHT_PROBE_PROXY_VOLUME UNITY_LIGHTMAP_FULL_HDR ok=1
Cmd: compileSnippet
  api=4 type=1 insize=1581 outsize=374 kw= pd=UNITY_ENABLE_REFLECTION_BUFFERS UNITY_USE_DITHER_MASK_FOR_ALPHABLENDED_SHADOWS UNITY_PBS_USE_BRDF1 UNITY_SPECCUBE_BOX_PROJECTION UNITY_SPECCUBE_BLENDING UNITY_ENABLE_DETAIL_NORMALMAP SHADER_API_DESKTOP UNITY_LIGHT_PROBE_PROXY_VOLUME UNITY_LIGHTMAP_FULL_HDR ok=1
Cmd: preprocess
  insize=1665 outsize=984 ok=1
Cmd: compileSnippet
  api=4 type=0 insize=1122 outsize=690 kw= pd=UNITY_ENABLE_REFLECTION_BUFFERS UNITY_USE_DITHER_MASK_FOR_ALPHABLENDED_SHADOWS UNITY_PBS_USE_BRDF1 UNITY_SPECCUBE_BOX_PROJECTION UNITY_SPECCUBE_BLENDING UNITY_ENABLE_DETAIL_NORMALMAP SHADER_API_DESKTOP UNITY_LIGHT_PROBE_PROXY_VOLUME UNITY_LIGHTMAP_FULL_HDR ok=1
Cmd: compileSnippet
  api=4 type=1 insize=1122 outsize=394 kw= pd=UNITY_ENABLE_REFLECTION_BUFFERS UNITY_USE_DITHER_MASK_FOR_ALPHABLENDED_SHADOWS UNITY_PBS_USE_BRDF1 UNITY_SPECCUBE_BOX_PROJECTION UNITY_SPECCUBE_BLENDING UNITY_ENABLE_DETAIL_NORMALMAP SHADER_API_DESKTOP UNITY_LIGHT_PROBE_PROXY_VOLUME UNITY_LIGHTMAP_FULL_HDR ok=1
Cmd: preprocess
  insize=3377 outsize=1313 ok=1
Cmd: compileSnippet
  api=4 type=0 insize=1693 outsize=690 kw= pd=UNITY_ENABLE_REFLECTION_BUFFERS UNITY_USE_DITHER_MASK_FOR_ALPHABLENDED_SHADOWS UNITY_PBS_USE_BRDF1 UNITY_SPECCUBE_BOX_PROJECTION UNITY_SPECCUBE_BLENDING UNITY_ENABLE_DETAIL_NORMALMAP SHADER_API_DESKTOP UNITY_LIGHT_PROBE_PROXY_VOLUME UNITY_LIGHTMAP_FULL_HDR ok=1
Cmd: compileSnippet
  api=4 type=1 insize=1693 outsize=346 kw= pd=UNITY_ENABLE_REFLECTION_BUFFERS UNITY_USE_DITHER_MASK_FOR_ALPHABLENDED_SHADOWS UNITY_PBS_USE_BRDF1 UNITY_SPECCUBE_BOX_PROJECTION UNITY_SPECCUBE_BLENDING UNITY_ENABLE_DETAIL_NORMALMAP SHADER_API_DESKTOP UNITY_LIGHT_PROBE_PROXY_VOLUME UNITY_LIGHTMAP_FULL_HDR ok=1
Cmd: preprocess
  insize=2011 outsize=1056 ok=1
Cmd: compileSnippet
  api=4 type=0 insize=1393 outsize=690 kw= pd=UNITY_ENABLE_REFLECTION_BUFFERS UNITY_USE_DITHER_MASK_FOR_ALPHABLENDED_SHADOWS UNITY_PBS_USE_BRDF1 UNITY_SPECCUBE_BOX_PROJECTION UNITY_SPECCUBE_BLENDING UNITY_ENABLE_DETAIL_NORMALMAP SHADER_API_DESKTOP UNITY_LIGHT_PROBE_PROXY_VOLUME UNITY_LIGHTMAP_FULL_HDR ok=1
Cmd: compileSnippet
  api=4 type=1 insize=1393 outsize=706 kw= pd=UNITY_ENABLE_REFLECTION_BUFFERS UNITY_USE_DITHER_MASK_FOR_ALPHABLENDED_SHADOWS UNITY_PBS_USE_BRDF1 UNITY_SPECCUBE_BOX_PROJECTION UNITY_SPECCUBE_BLENDING UNITY_ENABLE_DETAIL_NORMALMAP SHADER_API_DESKTOP UNITY_LIGHT_PROBE_PROXY_VOLUME UNITY_LIGHTMAP_FULL_HDR ok=1
Cmd: preprocess
  insize=1874 outsize=1078 ok=1
Cmd: compileSnippet
  api=4 type=0 insize=1237 outsize=690 kw= pd=UNITY_ENABLE_REFLECTION_BUFFERS UNITY_USE_DITHER_MASK_FOR_ALPHABLENDED_SHADOWS UNITY_PBS_USE_BRDF1 UNITY_SPECCUBE_BOX_PROJECTION UNITY_SPECCUBE_BLENDING UNITY_ENABLE_DETAIL_NORMALMAP SHADER_API_DESKTOP UNITY_LIGHT_PROBE_PROXY_VOLUME UNITY_LIGHTMAP_FULL_HDR ok=1
Cmd: compileSnippet
  api=4 type=1 insize=1237 outsize=298 kw= pd=UNITY_ENABLE_REFLECTION_BUFFERS UNITY_USE_DITHER_MASK_FOR_ALPHABLENDED_SHADOWS UNITY_PBS_USE_BRDF1 UNITY_SPECCUBE_BOX_PROJECTION UNITY_SPECCUBE_BLENDING UNITY_ENABLE_DETAIL_NORMALMAP SHADER_API_DESKTOP UNITY_LIGHT_PROBE_PROXY_VOLUME UNITY_LIGHTMAP_FULL_HDR ok=1
Cmd: preprocess
  insize=1702 outsize=871 ok=1
Cmd: compileSnippet
  api=4 type=0 insize=1272 outsize=690 kw= pd=UNITY_ENABLE_REFLECTION_BUFFERS UNITY_USE_DITHER_MASK_FOR_ALPHABLENDED_SHADOWS UNITY_PBS_USE_BRDF1 UNITY_SPECCUBE_BOX_PROJECTION UNITY_SPECCUBE_BLENDING UNITY_ENABLE_DETAIL_NORMALMAP SHADER_API_DESKTOP UNITY_LIGHT_PROBE_PROXY_VOLUME UNITY_LIGHTMAP_FULL_HDR ok=1
Cmd: compileSnippet
  api=4 type=1 insize=1272 outsize=346 kw= pd=UNITY_ENABLE_REFLECTION_BUFFERS UNITY_USE_DITHER_MASK_FOR_ALPHABLENDED_SHADOWS UNITY_PBS_USE_BRDF1 UNITY_SPECCUBE_BOX_PROJECTION UNITY_SPECCUBE_BLENDING UNITY_ENABLE_DETAIL_NORMALMAP SHADER_API_DESKTOP UNITY_LIGHT_PROBE_PROXY_VOLUME UNITY_LIGHTMAP_FULL_HDR ok=1
Cmd: preprocess
  insize=6141 outsize=1540 ok=1
Cmd: compileSnippet
  api=4 type=0 insize=5043 outsize=2058 kw= pd=UNITY_ENABLE_REFLECTION_BUFFERS UNITY_USE_DITHER_MASK_FOR_ALPHABLENDED_SHADOWS UNITY_PBS_USE_BRDF1 UNITY_SPECCUBE_BOX_PROJECTION UNITY_SPECCUBE_BLENDING UNITY_ENABLE_DETAIL_NORMALMAP SHADER_API_DESKTOP UNITY_LIGHT_PROBE_PROXY_VOLUME UNITY_LIGHTMAP_FULL_HDR ok=1
Cmd: compileSnippet
  api=4 type=1 insize=5043 outsize=1014 kw= pd=UNITY_ENABLE_REFLECTION_BUFFERS UNITY_USE_DITHER_MASK_FOR_ALPHABLENDED_SHADOWS UNITY_PBS_USE_BRDF1 UNITY_SPECCUBE_BOX_PROJECTION UNITY_SPECCUBE_BLENDING UNITY_ENABLE_DETAIL_NORMALMAP SHADER_API_DESKTOP UNITY_LIGHT_PROBE_PROXY_VOLUME UNITY_LIGHTMAP_FULL_HDR ok=1
Cmd: compileSnippet
  api=4 type=0 insize=2364 outsize=1762 kw=_ADDITIONAL_LIGHTS pd=UNITY_ENABLE_REFLECTION_BUFFERS UNITY_USE_DITHER_MASK_FOR_ALPHABLENDED_SHADOWS UNITY_PBS_USE_BRDF1 UNITY_SPECCUBE_BOX_PROJECTION UNITY_SPECCUBE_BLENDING UNITY_ENABLE_DETAIL_NORMALMAP SHADER_API_DESKTOP UNITY_LIGHT_PROBE_PROXY_VOLUME UNITY_LIGHTMAP_FULL_HDR ok=1
Cmd: compileSnippet
  api=4 type=1 insize=2364 outsize=4138 kw=_ADDITIONAL_LIGHTS pd=UNITY_ENABLE_REFLECTION_BUFFERS UNITY_USE_DITHER_MASK_FOR_ALPHABLENDED_SHADOWS UNITY_PBS_USE_BRDF1 UNITY_SPECCUBE_BOX_PROJECTION UNITY_SPECCUBE_BLENDING UNITY_ENABLE_DETAIL_NORMALMAP SHADER_API_DESKTOP UNITY_LIGHT_PROBE_PROXY_VOLUME UNITY_LIGHTMAP_FULL_HDR ok=1
Cmd: compileSnippet
  api=4 type=0 insize=1368 outsize=538 kw= pd=UNITY_ENABLE_REFLECTION_BUFFERS UNITY_USE_DITHER_MASK_FOR_ALPHABLENDED_SHADOWS UNITY_PBS_USE_BRDF1 UNITY_SPECCUBE_BOX_PROJECTION UNITY_SPECCUBE_BLENDING UNITY_ENABLE_DETAIL_NORMALMAP SHADER_API_DESKTOP UNITY_LIGHT_PROBE_PROXY_VOLUME UNITY_LIGHTMAP_FULL_HDR ok=1
Cmd: compileSnippet
  api=4 type=1 insize=1368 outsize=218 kw= pd=UNITY_ENABLE_REFLECTION_BUFFERS UNITY_USE_DITHER_MASK_FOR_ALPHABLENDED_SHADOWS UNITY_PBS_USE_BRDF1 UNITY_SPECCUBE_BOX_PROJECTION UNITY_SPECCUBE_BLENDING UNITY_ENABLE_DETAIL_NORMALMAP SHADER_API_DESKTOP UNITY_LIGHT_PROBE_PROXY_VOLUME UNITY_LIGHTMAP_FULL_HDR ok=1
Cmd: preprocessCompute
  insize=1366 outsize=1372 ok=1
Cmd: compileComputeKernel
  api=9 insize=1372 outsize=1469 ok=1
Cmd: compileComputeKernel
  api=4 insize=1372 outsize=678 ok=1
Cmd: compileComputeKernel
  api=4 insize=1372 outsize=620 ok=1
Cmd: preprocessCompute
  insize=5013 outsize=5015 ok=1
Cmd: preprocessCompute
  insize=10326 outsize=10338 ok=1
Cmd: compileComputeKernel
  api=9 insize=10338 outsize=8317 ok=1
Cmd: compileComputeKernel
  api=4 insize=10338 outsize=3581 ok=1
Cmd: preprocessCompute
  insize=1163 outsize=1165 ok=1
Cmd: compileComputeKernel
  api=9 insize=1165 outsize=2753 ok=1
Cmd: preprocessCompute
  insize=9573 outsize=9575 ok=1
Cmd: compileComputeKernel
  error: 1 plat 9 at Packages/com.unity.render-pipelines.core/ShaderLibrary/Common.hlsl(1028): conversion from larger type to smaller, possible loss of data
  error: 1 plat 9 at Packages/com.unity.render-pipelines.core/ShaderLibrary/Packing.hlsl(127): conversion from larger type to smaller, possible loss of data
  error: 1 plat 9 at Packages/com.unity.render-pipelines.core/ShaderLibrary/Packing.hlsl(128): conversion from larger type to smaller, possible loss of data
  error: 1 plat 9 at Packages/com.unity.render-pipelines.core/ShaderLibrary/Packing.hlsl(129): conversion from larger type to smaller, possible loss of data
  error: 1 plat 9 at Packages/com.unity.render-pipelines.core/ShaderLibrary/Packing.hlsl(130): conversion from larger type to smaller, possible loss of data
  error: 1 plat 9 at Packages/com.unity.render-pipelines.core/ShaderLibrary/Packing.hlsl(150): conversion from larger type to smaller, possible loss of data
  error: 1 plat 9 at Packages/com.unity.render-pipelines.core/ShaderLibrary/Packing.hlsl(336): conversion from larger type to smaller, possible loss of data
  error: 1 plat 9 at Packages/com.unity.render-pipelines.core/ShaderLibrary/Packing.hlsl(343): conversion from larger type to smaller, possible loss of data
  error: 1 plat 9 at Packages/com.unity.render-pipelines.core/ShaderLibrary/Packing.hlsl(478): conversion from larger type to smaller, possible loss of data
  error: 1 plat 9 at Packages/com.unity.render-pipelines.core/ShaderLibrary/SpaceTransforms.hlsl(176): conversion from larger type to smaller, possible loss of data
  error: 1 plat 9 at Packages/com.unity.render-pipelines.core/ShaderLibrary/SpaceTransforms.hlsl(183): 'TransformWorldToTangent': conversion from larger type to smaller, possible loss of data
  error: 1 plat 9 at Packages/com.unity.render-pipelines.universal/ShaderLibrary/Core.hlsl(79): conversion from larger type to smaller, possible loss of data
  error: 1 plat 9 at Packages/com.unity.render-pipelines.universal/ShaderLibrary/Core.hlsl(81): 'TransformObjectToWorldDir': conversion from larger type to smaller, possible loss of data
  error: 1 plat 9 at Packages/com.unity.render-pipelines.universal/ShaderLibrary/Core.hlsl(82): conversion from larger type to smaller, possible loss of data
  error: 1 plat 9 at Packages/com.unity.render-pipelines.universal/ShaderLibrary/Core.hlsl(113): conversion from larger type to smaller, possible loss of data
  error: 1 plat 9 at Packages/com.unity.render-pipelines.universal/ShaderLibrary/Core.hlsl(171): conversion from larger type to smaller, possible loss of data
  error: 1 plat 9 at Packages/com.unity.render-pipelines.universal/ShaderLibrary/Core.hlsl(177): conversion from larger type to smaller, possible loss of data
  api=9 insize=9575 outsize=7557 ok=1
Cmd: preprocessCompute
  insize=8370 outsize=8372 ok=1
Cmd: preprocess
  insize=44011 outsize=617 ok=1
Cmd: preprocessCompute
  insize=1969 outsize=1971 ok=1
Cmd: preprocessCompute
  insize=9937 outsize=9939 ok=1
Cmd: preprocessCompute
  insize=5822 outsize=5824 ok=1
Cmd: preprocess
  insize=44848 outsize=616 ok=1
Cmd: preprocessCompute
  insize=1969 outsize=1971 ok=1
Cmd: preprocessCompute
  insize=9834 outsize=9836 ok=1
Cmd: compileComputeKernel
  error: 1 plat 9 at Packages/com.unity.render-pipelines.core/ShaderLibrary/Common.hlsl(1028): conversion from larger type to smaller, possible loss of data
  error: 1 plat 9 at Packages/com.unity.render-pipelines.core/ShaderLibrary/Packing.hlsl(127): conversion from larger type to smaller, possible loss of data
  error: 1 plat 9 at Packages/com.unity.render-pipelines.core/ShaderLibrary/Packing.hlsl(128): conversion from larger type to smaller, possible loss of data
  error: 1 plat 9 at Packages/com.unity.render-pipelines.core/ShaderLibrary/Packing.hlsl(129): conversion from larger type to smaller, possible loss of data
  error: 1 plat 9 at Packages/com.unity.render-pipelines.core/ShaderLibrary/Packing.hlsl(130): conversion from larger type to smaller, possible loss of data
  error: 1 plat 9 at Packages/com.unity.render-pipelines.core/ShaderLibrary/Packing.hlsl(150): conversion from larger type to smaller, possible loss of data
  error: 1 plat 9 at Packages/com.unity.render-pipelines.core/ShaderLibrary/Packing.hlsl(336): conversion from larger type to smaller, possible loss of data
  error: 1 plat 9 at Packages/com.unity.render-pipelines.core/ShaderLibrary/Packing.hlsl(343): conversion from larger type to smaller, possible loss of data
  error: 1 plat 9 at Packages/com.unity.render-pipelines.core/ShaderLibrary/Packing.hlsl(478): conversion from larger type to smaller, possible loss of data
  error: 1 plat 9 at Packages/com.unity.render-pipelines.core/ShaderLibrary/SpaceTransforms.hlsl(176): conversion from larger type to smaller, possible loss of data
  error: 1 plat 9 at Packages/com.unity.render-pipelines.core/ShaderLibrary/SpaceTransforms.hlsl(183): 'TransformWorldToTangent': conversion from larger type to smaller, possible loss of data
  error: 1 plat 9 at Packages/com.unity.render-pipelines.universal/ShaderLibrary/Core.hlsl(79): conversion from larger type to smaller, possible loss of data
  error: 1 plat 9 at Packages/com.unity.render-pipelines.universal/ShaderLibrary/Core.hlsl(81): 'TransformObjectToWorldDir': conversion from larger type to smaller, possible loss of data
  error: 1 plat 9 at Packages/com.unity.render-pipelines.universal/ShaderLibrary/Core.hlsl(82): conversion from larger type to smaller, possible loss of data
  error: 1 plat 9 at Packages/com.unity.render-pipelines.universal/ShaderLibrary/Core.hlsl(113): conversion from larger type to smaller, possible loss of data
  error: 1 plat 9 at Packages/com.unity.render-pipelines.universal/ShaderLibrary/Core.hlsl(171): conversion from larger type to smaller, possible loss of data
  error: 1 plat 9 at Packages/com.unity.render-pipelines.universal/ShaderLibrary/Core.hlsl(177): conversion from larger type to smaller, possible loss of data
  api=9 insize=9836 outsize=10603 ok=1
Cmd: preprocessCompute
  insize=5822 outsize=5824 ok=1
Cmd: preprocess
  insize=44010 outsize=616 ok=1
Cmd: preprocessCompute
  insize=1969 outsize=1971 ok=1
Cmd: preprocessCompute
  insize=9838 outsize=9840 ok=1
Cmd: preprocessCompute
  insize=5822 outsize=5824 ok=1
Cmd: preprocess
  insize=44023 outsize=613 ok=1
Cmd: preprocessCompute
  insize=1969 outsize=1971 ok=1
Cmd: preprocessCompute
  insize=8462 outsize=8464 ok=1
Cmd: compileComputeKernel
  error: 1 plat 9 at Packages/com.unity.render-pipelines.core/ShaderLibrary/Common.hlsl(1028): conversion from larger type to smaller, possible loss of data
  error: 1 plat 9 at Packages/com.unity.render-pipelines.core/ShaderLibrary/Packing.hlsl(127): conversion from larger type to smaller, possible loss of data
  error: 1 plat 9 at Packages/com.unity.render-pipelines.core/ShaderLibrary/Packing.hlsl(128): conversion from larger type to smaller, possible loss of data
  error: 1 plat 9 at Packages/com.unity.render-pipelines.core/ShaderLibrary/Packing.hlsl(129): conversion from larger type to smaller, possible loss of data
  error: 1 plat 9 at Packages/com.unity.render-pipelines.core/ShaderLibrary/Packing.hlsl(130): conversion from larger type to smaller, possible loss of data
  error: 1 plat 9 at Packages/com.unity.render-pipelines.core/ShaderLibrary/Packing.hlsl(150): conversion from larger type to smaller, possible loss of data
  error: 1 plat 9 at Packages/com.unity.render-pipelines.core/ShaderLibrary/Packing.hlsl(336): conversion from larger type to smaller, possible loss of data
  error: 1 plat 9 at Packages/com.unity.render-pipelines.core/ShaderLibrary/Packing.hlsl(343): conversion from larger type to smaller, possible loss of data
  error: 1 plat 9 at Packages/com.unity.render-pipelines.core/ShaderLibrary/Packing.hlsl(478): conversion from larger type to smaller, possible loss of data
  error: 1 plat 9 at Packages/com.unity.render-pipelines.core/ShaderLibrary/SpaceTransforms.hlsl(176): conversion from larger type to smaller, possible loss of data
  error: 1 plat 9 at Packages/com.unity.render-pipelines.core/ShaderLibrary/SpaceTransforms.hlsl(183): 'TransformWorldToTangent': conversion from larger type to smaller, possible loss of data
  error: 1 plat 9 at Packages/com.unity.render-pipelines.universal/ShaderLibrary/Core.hlsl(79): conversion from larger type to smaller, possible loss of data
  error: 1 plat 9 at Packages/com.unity.render-pipelines.universal/ShaderLibrary/Core.hlsl(81): 'TransformObjectToWorldDir': conversion from larger type to smaller, possible loss of data
  error: 1 plat 9 at Packages/com.unity.render-pipelines.universal/ShaderLibrary/Core.hlsl(82): conversion from larger type to smaller, possible loss of data
  error: 1 plat 9 at Packages/com.unity.render-pipelines.universal/ShaderLibrary/Core.hlsl(113): conversion from larger type to smaller, possible loss of data
  error: 1 plat 9 at Packages/com.unity.render-pipelines.universal/ShaderLibrary/Core.hlsl(171): conversion from larger type to smaller, possible loss of data
  error: 1 plat 9 at Packages/com.unity.render-pipelines.universal/ShaderLibrary/Core.hlsl(177): conversion from larger type to smaller, possible loss of data
  api=9 insize=8464 outsize=5466 ok=1
Cmd: preprocessCompute
  insize=8209 outsize=8211 ok=1
Cmd: compileComputeKernel
  error: 1 plat 9 at Packages/com.unity.render-pipelines.core/ShaderLibrary/Common.hlsl(1028): conversion from larger type to smaller, possible loss of data
  error: 1 plat 9 at Packages/com.unity.render-pipelines.core/ShaderLibrary/Packing.hlsl(127): conversion from larger type to smaller, possible loss of data
  error: 1 plat 9 at Packages/com.unity.render-pipelines.core/ShaderLibrary/Packing.hlsl(128): conversion from larger type to smaller, possible loss of data
  error: 1 plat 9 at Packages/com.unity.render-pipelines.core/ShaderLibrary/Packing.hlsl(129): conversion from larger type to smaller, possible loss of data
  error: 1 plat 9 at Packages/com.unity.render-pipelines.core/ShaderLibrary/Packing.hlsl(130): conversion from larger type to smaller, possible loss of data
  error: 1 plat 9 at Packages/com.unity.render-pipelines.core/ShaderLibrary/Packing.hlsl(150): conversion from larger type to smaller, possible loss of data
  error: 1 plat 9 at Packages/com.unity.render-pipelines.core/ShaderLibrary/Packing.hlsl(336): conversion from larger type to smaller, possible loss of data
  error: 1 plat 9 at Packages/com.unity.render-pipelines.core/ShaderLibrary/Packing.hlsl(343): conversion from larger type to smaller, possible loss of data
  error: 1 plat 9 at Packages/com.unity.render-pipelines.core/ShaderLibrary/Packing.hlsl(478): conversion from larger type to smaller, possible loss of data
  error: 1 plat 9 at Packages/com.unity.render-pipelines.core/ShaderLibrary/SpaceTransforms.hlsl(176): conversion from larger type to smaller, possible loss of data
  error: 1 plat 9 at Packages/com.unity.render-pipelines.core/ShaderLibrary/SpaceTransforms.hlsl(183): 'TransformWorldToTangent': conversion from larger type to smaller, possible loss of data
  error: 1 plat 9 at Packages/com.unity.render-pipelines.universal/ShaderLibrary/Core.hlsl(79): conversion from larger type to smaller, possible loss of data
  error: 1 plat 9 at Packages/com.unity.render-pipelines.universal/ShaderLibrary/Core.hlsl(81): 'TransformObjectToWorldDir': conversion from larger type to smaller, possible loss of data
  error: 1 plat 9 at Packages/com.unity.render-pipelines.universal/ShaderLibrary/Core.hlsl(82): conversion from larger type to smaller, possible loss of data
  error: 1 plat 9 at Packages/com.unity.render-pipelines.universal/ShaderLibrary/Core.hlsl(113): conversion from larger type to smaller, possible loss of data
  error: 1 plat 9 at Packages/com.unity.render-pipelines.universal/ShaderLibrary/Core.hlsl(171): conversion from larger type to smaller, possible loss of data
  error: 1 plat 9 at Packages/com.unity.render-pipelines.universal/ShaderLibrary/Core.hlsl(177): conversion from larger type to smaller, possible loss of data
  api=9 insize=8211 outsize=10120 ok=1
Cmd: preprocess
  insize=41372 outsize=621 ok=1
Cmd: preprocess
  insize=40724 outsize=622 ok=1
Cmd: preprocessCompute
  insize=7224 outsize=7226 ok=1
Cmd: preprocessCompute
  insize=5790 outsize=5792 ok=1
Cmd: preprocessCompute
  insize=7262 outsize=7264 ok=1
Cmd: compileComputeKernel
  error: 1 plat 9 at Packages/com.unity.render-pipelines.core/ShaderLibrary/Common.hlsl(1028): conversion from larger type to smaller, possible loss of data
  error: 1 plat 9 at Packages/com.unity.render-pipelines.core/ShaderLibrary/Packing.hlsl(127): conversion from larger type to smaller, possible loss of data
  error: 1 plat 9 at Packages/com.unity.render-pipelines.core/ShaderLibrary/Packing.hlsl(128): conversion from larger type to smaller, possible loss of data
  error: 1 plat 9 at Packages/com.unity.render-pipelines.core/ShaderLibrary/Packing.hlsl(129): conversion from larger type to smaller, possible loss of data
  error: 1 plat 9 at Packages/com.unity.render-pipelines.core/ShaderLibrary/Packing.hlsl(130): conversion from larger type to smaller, possible loss of data
  error: 1 plat 9 at Packages/com.unity.render-pipelines.core/ShaderLibrary/Packing.hlsl(150): conversion from larger type to smaller, possible loss of data
  error: 1 plat 9 at Packages/com.unity.render-pipelines.core/ShaderLibrary/Packing.hlsl(336): conversion from larger type to smaller, possible loss of data
  error: 1 plat 9 at Packages/com.unity.render-pipelines.core/ShaderLibrary/Packing.hlsl(343): conversion from larger type to smaller, possible loss of data
  error: 1 plat 9 at Packages/com.unity.render-pipelines.core/ShaderLibrary/Packing.hlsl(478): conversion from larger type to smaller, possible loss of data
  error: 1 plat 9 at Packages/com.unity.render-pipelines.core/ShaderLibrary/SpaceTransforms.hlsl(176): conversion from larger type to smaller, possible loss of data
  error: 1 plat 9 at Packages/com.unity.render-pipelines.core/ShaderLibrary/SpaceTransforms.hlsl(183): 'TransformWorldToTangent': conversion from larger type to smaller, possible loss of data
  error: 1 plat 9 at Packages/com.unity.render-pipelines.universal/ShaderLibrary/Core.hlsl(79): conversion from larger type to smaller, possible loss of data
  error: 1 plat 9 at Packages/com.unity.render-pipelines.universal/ShaderLibrary/Core.hlsl(81): 'TransformObjectToWorldDir': conversion from larger type to smaller, possible loss of data
  error: 1 plat 9 at Packages/com.unity.render-pipelines.universal/ShaderLibrary/Core.hlsl(82): conversion from larger type to smaller, possible loss of data
  error: 1 plat 9 at Packages/com.unity.render-pipelines.universal/ShaderLibrary/Core.hlsl(113): conversion from larger type to smaller, possible loss of data
  error: 1 plat 9 at Packages/com.unity.render-pipelines.universal/ShaderLibrary/Core.hlsl(171): conversion from larger type to smaller, possible loss of data
  error: 1 plat 9 at Packages/com.unity.render-pipelines.universal/ShaderLibrary/Core.hlsl(177): conversion from larger type to smaller, possible loss of data
  api=9 insize=7264 outsize=4664 ok=1
Cmd: preprocessCompute
  insize=17915 outsize=17917 ok=1
Cmd: preprocess
  insize=53881 outsize=618 ok=1
Cmd: preprocessCompute
  insize=7001 outsize=7003 ok=1
Cmd: compileComputeKernel
  error: 1 plat 9 at (0): Buffer count exceeding default GL_MAX_SHADER_STORAGE_BUFFER_BINDINGS. Shader might not work on all hw. Consider combining separate buffers into one containing struct elements.
  error: 1 plat 9 at Packages/com.unity.render-pipelines.core/ShaderLibrary/Common.hlsl(1028): conversion from larger type to smaller, possible loss of data
  error: 1 plat 9 at Packages/com.unity.render-pipelines.core/ShaderLibrary/Packing.hlsl(127): conversion from larger type to smaller, possible loss of data
  error: 1 plat 9 at Packages/com.unity.render-pipelines.core/ShaderLibrary/Packing.hlsl(128): conversion from larger type to smaller, possible loss of data
  error: 1 plat 9 at Packages/com.unity.render-pipelines.core/ShaderLibrary/Packing.hlsl(129): conversion from larger type to smaller, possible loss of data
  error: 1 plat 9 at Packages/com.unity.render-pipelines.core/ShaderLibrary/Packing.hlsl(130): conversion from larger type to smaller, possible loss of data
  error: 1 plat 9 at Packages/com.unity.render-pipelines.core/ShaderLibrary/Packing.hlsl(150): conversion from larger type to smaller, possible loss of data
  error: 1 plat 9 at Packages/com.unity.render-pipelines.core/ShaderLibrary/Packing.hlsl(336): conversion from larger type to smaller, possible loss of data
  error: 1 plat 9 at Packages/com.unity.render-pipelines.core/ShaderLibrary/Packing.hlsl(343): conversion from larger type to smaller, possible loss of data
  error: 1 plat 9 at Packages/com.unity.render-pipelines.core/ShaderLibrary/Packing.hlsl(478): conversion from larger type to smaller, possible loss of data
  error: 1 plat 9 at Packages/com.unity.render-pipelines.core/ShaderLibrary/SpaceTransforms.hlsl(176): conversion from larger type to smaller, possible loss of data
  error: 1 plat 9 at Packages/com.unity.render-pipelines.core/ShaderLibrary/SpaceTransforms.hlsl(183): 'TransformWorldToTangent': conversion from larger type to smaller, possible loss of data
  error: 1 plat 9 at Packages/com.unity.render-pipelines.universal/ShaderLibrary/Core.hlsl(79): conversion from larger type to smaller, possible loss of data
  error: 1 plat 9 at Packages/com.unity.render-pipelines.universal/ShaderLibrary/Core.hlsl(81): 'TransformObjectToWorldDir': conversion from larger type to smaller, possible loss of data
  error: 1 plat 9 at Packages/com.unity.render-pipelines.universal/ShaderLibrary/Core.hlsl(82): conversion from larger type to smaller, possible loss of data
  error: 1 plat 9 at Packages/com.unity.render-pipelines.universal/ShaderLibrary/Core.hlsl(113): conversion from larger type to smaller, possible loss of data
  error: 1 plat 9 at Packages/com.unity.render-pipelines.universal/ShaderLibrary/Core.hlsl(171): conversion from larger type to smaller, possible loss of data
  error: 1 plat 9 at Packages/com.unity.render-pipelines.universal/ShaderLibrary/Core.hlsl(177): conversion from larger type to smaller, possible loss of data
  api=9 insize=7003 outsize=5696 ok=1
Cmd: preprocessCompute
  insize=8334 outsize=8336 ok=1
Cmd: preprocess
  insize=38615 outsize=620 ok=1
Cmd: preprocessCompute
  insize=7484 outsize=7486 ok=1
Cmd: compileComputeKernel
  error: 1 plat 9 at Packages/com.unity.render-pipelines.core/ShaderLibrary/Common.hlsl(1028): conversion from larger type to smaller, possible loss of data
  error: 1 plat 9 at Packages/com.unity.render-pipelines.core/ShaderLibrary/Packing.hlsl(127): conversion from larger type to smaller, possible loss of data
  error: 1 plat 9 at Packages/com.unity.render-pipelines.core/ShaderLibrary/Packing.hlsl(128): conversion from larger type to smaller, possible loss of data
  error: 1 plat 9 at Packages/com.unity.render-pipelines.core/ShaderLibrary/Packing.hlsl(129): conversion from larger type to smaller, possible loss of data
  error: 1 plat 9 at Packages/com.unity.render-pipelines.core/ShaderLibrary/Packing.hlsl(130): conversion from larger type to smaller, possible loss of data
  error: 1 plat 9 at Packages/com.unity.render-pipelines.core/ShaderLibrary/Packing.hlsl(150): conversion from larger type to smaller, possible loss of data
  error: 1 plat 9 at Packages/com.unity.render-pipelines.core/ShaderLibrary/Packing.hlsl(336): conversion from larger type to smaller, possible loss of data
  error: 1 plat 9 at Packages/com.unity.render-pipelines.core/ShaderLibrary/Packing.hlsl(343): conversion from larger type to smaller, possible loss of data
  error: 1 plat 9 at Packages/com.unity.render-pipelines.core/ShaderLibrary/Packing.hlsl(478): conversion from larger type to smaller, possible loss of data
  error: 1 plat 9 at Packages/com.unity.render-pipelines.core/ShaderLibrary/SpaceTransforms.hlsl(176): conversion from larger type to smaller, possible loss of data
  error: 1 plat 9 at Packages/com.unity.render-pipelines.core/ShaderLibrary/SpaceTransforms.hlsl(183): 'TransformWorldToTangent': conversion from larger type to smaller, possible loss of data
  error: 1 plat 9 at Packages/com.unity.render-pipelines.universal/ShaderLibrary/Core.hlsl(79): conversion from larger type to smaller, possible loss of data
  error: 1 plat 9 at Packages/com.unity.render-pipelines.universal/ShaderLibrary/Core.hlsl(81): 'TransformObjectToWorldDir': conversion from larger type to smaller, possible loss of data
  error: 1 plat 9 at Packages/com.unity.render-pipelines.universal/ShaderLibrary/Core.hlsl(82): conversion from larger type to smaller, possible loss of data
  error: 1 plat 9 at Packages/com.unity.render-pipelines.universal/ShaderLibrary/Core.hlsl(113): conversion from larger type to smaller, possible loss of data
  error: 1 plat 9 at Packages/com.unity.render-pipelines.universal/ShaderLibrary/Core.hlsl(171): conversion from larger type to smaller, possible loss of data
  error: 1 plat 9 at Packages/com.unity.render-pipelines.universal/ShaderLibrary/Core.hlsl(177): conversion from larger type to smaller, possible loss of data
  api=9 insize=7486 outsize=5320 ok=1
Cmd: preprocessCompute
  insize=6489 outsize=6491 ok=1
Cmd: compileComputeKernel
  error: 1 plat 9 at Packages/com.unity.render-pipelines.core/ShaderLibrary/Common.hlsl(1028): conversion from larger type to smaller, possible loss of data
  error: 1 plat 9 at Packages/com.unity.render-pipelines.core/ShaderLibrary/Packing.hlsl(127): conversion from larger type to smaller, possible loss of data
  error: 1 plat 9 at Packages/com.unity.render-pipelines.core/ShaderLibrary/Packing.hlsl(128): conversion from larger type to smaller, possible loss of data
  error: 1 plat 9 at Packages/com.unity.render-pipelines.core/ShaderLibrary/Packing.hlsl(129): conversion from larger type to smaller, possible loss of data
  error: 1 plat 9 at Packages/com.unity.render-pipelines.core/ShaderLibrary/Packing.hlsl(130): conversion from larger type to smaller, possible loss of data
  error: 1 plat 9 at Packages/com.unity.render-pipelines.core/ShaderLibrary/Packing.hlsl(150): conversion from larger type to smaller, possible loss of data
  error: 1 plat 9 at Packages/com.unity.render-pipelines.core/ShaderLibrary/Packing.hlsl(336): conversion from larger type to smaller, possible loss of data
  error: 1 plat 9 at Packages/com.unity.render-pipelines.core/ShaderLibrary/Packing.hlsl(343): conversion from larger type to smaller, possible loss of data
  error: 1 plat 9 at Packages/com.unity.render-pipelines.core/ShaderLibrary/Packing.hlsl(478): conversion from larger type to smaller, possible loss of data
  error: 1 plat 9 at Packages/com.unity.render-pipelines.core/ShaderLibrary/SpaceTransforms.hlsl(176): conversion from larger type to smaller, possible loss of data
  error: 1 plat 9 at Packages/com.unity.render-pipelines.core/ShaderLibrary/SpaceTransforms.hlsl(183): 'TransformWorldToTangent': conversion from larger type to smaller, possible loss of data
  error: 1 plat 9 at Packages/com.unity.render-pipelines.universal/ShaderLibrary/Core.hlsl(79): conversion from larger type to smaller, possible loss of data
  error: 1 plat 9 at Packages/com.unity.render-pipelines.universal/ShaderLibrary/Core.hlsl(81): 'TransformObjectToWorldDir': conversion from larger type to smaller, possible loss of data
  error: 1 plat 9 at Packages/com.unity.render-pipelines.universal/ShaderLibrary/Core.hlsl(82): conversion from larger type to smaller, possible loss of data
  error: 1 plat 9 at Packages/com.unity.render-pipelines.universal/ShaderLibrary/Core.hlsl(113): conversion from larger type to smaller, possible loss of data
  error: 1 plat 9 at Packages/com.unity.render-pipelines.universal/ShaderLibrary/Core.hlsl(171): conversion from larger type to smaller, possible loss of data
  error: 1 plat 9 at Packages/com.unity.render-pipelines.universal/ShaderLibrary/Core.hlsl(177): conversion from larger type to smaller, possible loss of data
  api=9 insize=6491 outsize=3872 ok=1
Cmd: preprocess
  insize=40993 outsize=620 ok=1
Cmd: preprocessCompute
  insize=1969 outsize=1971 ok=1
Cmd: compileComputeKernel
  error: 1 plat 9 at Packages/com.unity.render-pipelines.core/ShaderLibrary/Common.hlsl(1028): conversion from larger type to smaller, possible loss of data
  error: 1 plat 9 at Packages/com.unity.render-pipelines.core/ShaderLibrary/Packing.hlsl(127): conversion from larger type to smaller, possible loss of data
  error: 1 plat 9 at Packages/com.unity.render-pipelines.core/ShaderLibrary/Packing.hlsl(128): conversion from larger type to smaller, possible loss of data
  error: 1 plat 9 at Packages/com.unity.render-pipelines.core/ShaderLibrary/Packing.hlsl(129): conversion from larger type to smaller, possible loss of data
  error: 1 plat 9 at Packages/com.unity.render-pipelines.core/ShaderLibrary/Packing.hlsl(130): conversion from larger type to smaller, possible loss of data
  error: 1 plat 9 at Packages/com.unity.render-pipelines.core/ShaderLibrary/Packing.hlsl(150): conversion from larger type to smaller, possible loss of data
  error: 1 plat 9 at Packages/com.unity.render-pipelines.core/ShaderLibrary/Packing.hlsl(336): conversion from larger type to smaller, possible loss of data
  error: 1 plat 9 at Packages/com.unity.render-pipelines.core/ShaderLibrary/Packing.hlsl(343): conversion from larger type to smaller, possible loss of data
  error: 1 plat 9 at Packages/com.unity.render-pipelines.core/ShaderLibrary/Packing.hlsl(478): conversion from larger type to smaller, possible loss of data
  error: 1 plat 9 at Packages/com.unity.render-pipelines.core/ShaderLibrary/SpaceTransforms.hlsl(176): conversion from larger type to smaller, possible loss of data
  error: 1 plat 9 at Packages/com.unity.render-pipelines.core/ShaderLibrary/SpaceTransforms.hlsl(183): 'TransformWorldToTangent': conversion from larger type to smaller, possible loss of data
  error: 1 plat 9 at Packages/com.unity.render-pipelines.universal/ShaderLibrary/Core.hlsl(79): conversion from larger type to smaller, possible loss of data
  error: 1 plat 9 at Packages/com.unity.render-pipelines.universal/ShaderLibrary/Core.hlsl(81): 'TransformObjectToWorldDir': conversion from larger type to smaller, possible loss of data
  error: 1 plat 9 at Packages/com.unity.render-pipelines.universal/ShaderLibrary/Core.hlsl(82): conversion from larger type to smaller, possible loss of data
  error: 1 plat 9 at Packages/com.unity.render-pipelines.universal/ShaderLibrary/Core.hlsl(113): conversion from larger type to smaller, possible loss of data
  error: 1 plat 9 at Packages/com.unity.render-pipelines.universal/ShaderLibrary/Core.hlsl(171): conversion from larger type to smaller, possible loss of data
  error: 1 plat 9 at Packages/com.unity.render-pipelines.universal/ShaderLibrary/Core.hlsl(177): conversion from larger type to smaller, possible loss of data
  api=9 insize=1971 outsize=3209 ok=1
Cmd: preprocessCompute
  insize=9449 outsize=9451 ok=1
Cmd: compileComputeKernel
  error: 1 plat 9 at Packages/com.unity.render-pipelines.core/ShaderLibrary/Common.hlsl(1028): conversion from larger type to smaller, possible loss of data
  error: 1 plat 9 at Packages/com.unity.render-pipelines.core/ShaderLibrary/Packing.hlsl(127): conversion from larger type to smaller, possible loss of data
  error: 1 plat 9 at Packages/com.unity.render-pipelines.core/ShaderLibrary/Packing.hlsl(128): conversion from larger type to smaller, possible loss of data
  error: 1 plat 9 at Packages/com.unity.render-pipelines.core/ShaderLibrary/Packing.hlsl(129): conversion from larger type to smaller, possible loss of data
  error: 1 plat 9 at Packages/com.unity.render-pipelines.core/ShaderLibrary/Packing.hlsl(130): conversion from larger type to smaller, possible loss of data
  error: 1 plat 9 at Packages/com.unity.render-pipelines.core/ShaderLibrary/Packing.hlsl(150): conversion from larger type to smaller, possible loss of data
  error: 1 plat 9 at Packages/com.unity.render-pipelines.core/ShaderLibrary/Packing.hlsl(336): conversion from larger type to smaller, possible loss of data
  error: 1 plat 9 at Packages/com.unity.render-pipelines.core/ShaderLibrary/Packing.hlsl(343): conversion from larger type to smaller, possible loss of data
  error: 1 plat 9 at Packages/com.unity.render-pipelines.core/ShaderLibrary/Packing.hlsl(478): conversion from larger type to smaller, possible loss of data
  error: 1 plat 9 at Packages/com.unity.render-pipelines.core/ShaderLibrary/SpaceTransforms.hlsl(176): conversion from larger type to smaller, possible loss of data
  error: 1 plat 9 at Packages/com.unity.render-pipelines.core/ShaderLibrary/SpaceTransforms.hlsl(183): 'TransformWorldToTangent': conversion from larger type to smaller, possible loss of data
  error: 1 plat 9 at Packages/com.unity.render-pipelines.universal/ShaderLibrary/Core.hlsl(79): conversion from larger type to smaller, possible loss of data
  error: 1 plat 9 at Packages/com.unity.render-pipelines.universal/ShaderLibrary/Core.hlsl(81): 'TransformObjectToWorldDir': conversion from larger type to smaller, possible loss of data
  error: 1 plat 9 at Packages/com.unity.render-pipelines.universal/ShaderLibrary/Core.hlsl(82): conversion from larger type to smaller, possible loss of data
  error: 1 plat 9 at Packages/com.unity.render-pipelines.universal/ShaderLibrary/Core.hlsl(113): conversion from larger type to smaller, possible loss of data
  error: 1 plat 9 at Packages/com.unity.render-pipelines.universal/ShaderLibrary/Core.hlsl(171): conversion from larger type to smaller, possible loss of data
  error: 1 plat 9 at Packages/com.unity.render-pipelines.universal/ShaderLibrary/Core.hlsl(177): conversion from larger type to smaller, possible loss of data
  api=9 insize=9451 outsize=6622 ok=1
Cmd: preprocessCompute
  insize=9750 outsize=9752 ok=1
Cmd: preprocess
  insize=41752 outsize=609 ok=1
Cmd: preprocess
  insize=40712 outsize=610 ok=1
Cmd: preprocessCompute
  insize=7090 outsize=7092 ok=1
Cmd: preprocessCompute
  insize=5673 outsize=5675 ok=1
Cmd: preprocessCompute
  insize=9584 outsize=9586 ok=1
Cmd: preprocessCompute
  insize=9921 outsize=9923 ok=1
Cmd: preprocess
  insize=41792 outsize=616 ok=1
Cmd: preprocess
  insize=40736 outsize=615 ok=1
Cmd: preprocessCompute
  insize=7228 outsize=7230 ok=1
Cmd: preprocessCompute
  insize=5802 outsize=5804 ok=1
Cmd: preprocessCompute
  insize=5863 outsize=5865 ok=1
Cmd: preprocessCompute
  insize=4882 outsize=4884 ok=1
Cmd: preprocess
  insize=38650 outsize=615 ok=1
Cmd: preprocessCompute
  insize=8796 outsize=8798 ok=1
Cmd: preprocessCompute
  insize=7214 outsize=7216 ok=1
Cmd: preprocess
  insize=39202 outsize=612 ok=1
Cmd: preprocess
  insize=39700 outsize=613 ok=1
Cmd: preprocessCompute
  insize=8796 outsize=8798 ok=1
Cmd: preprocessCompute
  insize=7212 outsize=7214 ok=1
Cmd: preprocessCompute
  insize=8946 outsize=8948 ok=1
Cmd: preprocessCompute
  insize=5790 outsize=5792 ok=1
Cmd: preprocess
  insize=43971 outsize=596 ok=1
Cmd: preprocessCompute
  insize=9597 outsize=9599 ok=1
Cmd: compileComputeKernel
  error: 1 plat 9 at Packages/com.unity.render-pipelines.core/ShaderLibrary/Common.hlsl(1028): conversion from larger type to smaller, possible loss of data
  error: 1 plat 9 at Packages/com.unity.render-pipelines.core/ShaderLibrary/Packing.hlsl(127): conversion from larger type to smaller, possible loss of data
  error: 1 plat 9 at Packages/com.unity.render-pipelines.core/ShaderLibrary/Packing.hlsl(128): conversion from larger type to smaller, possible loss of data
  error: 1 plat 9 at Packages/com.unity.render-pipelines.core/ShaderLibrary/Packing.hlsl(129): conversion from larger type to smaller, possible loss of data
  error: 1 plat 9 at Packages/com.unity.render-pipelines.core/ShaderLibrary/Packing.hlsl(130): conversion from larger type to smaller, possible loss of data
  error: 1 plat 9 at Packages/com.unity.render-pipelines.core/ShaderLibrary/Packing.hlsl(150): conversion from larger type to smaller, possible loss of data
  error: 1 plat 9 at Packages/com.unity.render-pipelines.core/ShaderLibrary/Packing.hlsl(336): conversion from larger type to smaller, possible loss of data
  error: 1 plat 9 at Packages/com.unity.render-pipelines.core/ShaderLibrary/Packing.hlsl(343): conversion from larger type to smaller, possible loss of data
  error: 1 plat 9 at Packages/com.unity.render-pipelines.core/ShaderLibrary/Packing.hlsl(478): conversion from larger type to smaller, possible loss of data
  error: 1 plat 9 at Packages/com.unity.render-pipelines.core/ShaderLibrary/SpaceTransforms.hlsl(176): conversion from larger type to smaller, possible loss of data
  error: 1 plat 9 at Packages/com.unity.render-pipelines.core/ShaderLibrary/SpaceTransforms.hlsl(183): 'TransformWorldToTangent': conversion from larger type to smaller, possible loss of data
  error: 1 plat 9 at Packages/com.unity.render-pipelines.universal/ShaderLibrary/Core.hlsl(79): conversion from larger type to smaller, possible loss of data
  error: 1 plat 9 at Packages/com.unity.render-pipelines.universal/ShaderLibrary/Core.hlsl(81): 'TransformObjectToWorldDir': conversion from larger type to smaller, possible loss of data
  error: 1 plat 9 at Packages/com.unity.render-pipelines.universal/ShaderLibrary/Core.hlsl(82): conversion from larger type to smaller, possible loss of data
  error: 1 plat 9 at Packages/com.unity.render-pipelines.universal/ShaderLibrary/Core.hlsl(113): conversion from larger type to smaller, possible loss of data
  error: 1 plat 9 at Packages/com.unity.render-pipelines.universal/ShaderLibrary/Core.hlsl(171): conversion from larger type to smaller, possible loss of data
  error: 1 plat 9 at Packages/com.unity.render-pipelines.universal/ShaderLibrary/Core.hlsl(177): conversion from larger type to smaller, possible loss of data
  api=9 insize=9599 outsize=7579 ok=1
Cmd: preprocessCompute
  insize=6269 outsize=6271 ok=1
Cmd: compileComputeKernel
  error: 1 plat 9 at Packages/com.unity.render-pipelines.core/ShaderLibrary/Common.hlsl(1028): conversion from larger type to smaller, possible loss of data
  error: 1 plat 9 at Packages/com.unity.render-pipelines.core/ShaderLibrary/Packing.hlsl(127): conversion from larger type to smaller, possible loss of data
  error: 1 plat 9 at Packages/com.unity.render-pipelines.core/ShaderLibrary/Packing.hlsl(128): conversion from larger type to smaller, possible loss of data
  error: 1 plat 9 at Packages/com.unity.render-pipelines.core/ShaderLibrary/Packing.hlsl(129): conversion from larger type to smaller, possible loss of data
  error: 1 plat 9 at Packages/com.unity.render-pipelines.core/ShaderLibrary/Packing.hlsl(130): conversion from larger type to smaller, possible loss of data
  error: 1 plat 9 at Packages/com.unity.render-pipelines.core/ShaderLibrary/Packing.hlsl(150): conversion from larger type to smaller, possible loss of data
  error: 1 plat 9 at Packages/com.unity.render-pipelines.core/ShaderLibrary/Packing.hlsl(336): conversion from larger type to smaller, possible loss of data
  error: 1 plat 9 at Packages/com.unity.render-pipelines.core/ShaderLibrary/Packing.hlsl(343): conversion from larger type to smaller, possible loss of data
  error: 1 plat 9 at Packages/com.unity.render-pipelines.core/ShaderLibrary/Packing.hlsl(478): conversion from larger type to smaller, possible loss of data
  error: 1 plat 9 at Packages/com.unity.render-pipelines.core/ShaderLibrary/SpaceTransforms.hlsl(176): conversion from larger type to smaller, possible loss of data
  error: 1 plat 9 at Packages/com.unity.render-pipelines.core/ShaderLibrary/SpaceTransforms.hlsl(183): 'TransformWorldToTangent': conversion from larger type to smaller, possible loss of data
  error: 1 plat 9 at Packages/com.unity.render-pipelines.universal/ShaderLibrary/Core.hlsl(79): conversion from larger type to smaller, possible loss of data
  error: 1 plat 9 at Packages/com.unity.render-pipelines.universal/ShaderLibrary/Core.hlsl(81): 'TransformObjectToWorldDir': conversion from larger type to smaller, possible loss of data
  error: 1 plat 9 at Packages/com.unity.render-pipelines.universal/ShaderLibrary/Core.hlsl(82): conversion from larger type to smaller, possible loss of data
  error: 1 plat 9 at Packages/com.unity.render-pipelines.universal/ShaderLibrary/Core.hlsl(113): conversion from larger type to smaller, possible loss of data
  error: 1 plat 9 at Packages/com.unity.render-pipelines.universal/ShaderLibrary/Core.hlsl(171): conversion from larger type to smaller, possible loss of data
  error: 1 plat 9 at Packages/com.unity.render-pipelines.universal/ShaderLibrary/Core.hlsl(177): conversion from larger type to smaller, possible loss of data
  api=9 insize=6271 outsize=4336 ok=1
Cmd: preprocess
  insize=44006 outsize=611 ok=1
Cmd: preprocessCompute
  insize=1969 outsize=1971 ok=1
Cmd: compileSnippet
  api=4 type=0 insize=1582 outsize=690 kw= pd=UNITY_NO_DXT5nm UNITY_ENABLE_REFLECTION_BUFFERS UNITY_NO_CUBEMAP_ARRAY UNITY_NO_SCREENSPACE_SHADOWS UNITY_PBS_USE_BRDF2 SHADER_API_DESKTOP UNITY_HARDWARE_TIER3 UNITY_LIGHTMAP_DLDR_ENCODING ok=1
Cmd: compileSnippet
  api=4 type=1 insize=1582 outsize=354 kw= pd=UNITY_NO_DXT5nm UNITY_ENABLE_REFLECTION_BUFFERS UNITY_NO_CUBEMAP_ARRAY UNITY_NO_SCREENSPACE_SHADOWS UNITY_PBS_USE_BRDF2 SHADER_API_DESKTOP UNITY_HARDWARE_TIER3 UNITY_LIGHTMAP_DLDR_ENCODING ok=1
Cmd: compileSnippet
  api=4 type=0 insize=5029 outsize=1138 kw= pd=UNITY_NO_DXT5nm UNITY_ENABLE_REFLECTION_BUFFERS UNITY_NO_CUBEMAP_ARRAY UNITY_NO_SCREENSPACE_SHADOWS UNITY_PBS_USE_BRDF2 SHADER_API_DESKTOP UNITY_HARDWARE_TIER3 UNITY_LIGHTMAP_DLDR_ENCODING ok=1
Cmd: compileSnippet
  api=4 type=1 insize=5029 outsize=3534 kw= pd=UNITY_NO_DXT5nm UNITY_ENABLE_REFLECTION_BUFFERS UNITY_NO_CUBEMAP_ARRAY UNITY_NO_SCREENSPACE_SHADOWS UNITY_PBS_USE_BRDF2 SHADER_API_DESKTOP UNITY_HARDWARE_TIER3 UNITY_LIGHTMAP_DLDR_ENCODING ok=1
Cmd: compileSnippet
  api=4 type=0 insize=5029 outsize=1138 kw= pd=UNITY_NO_DXT5nm UNITY_ENABLE_REFLECTION_BUFFERS UNITY_NO_CUBEMAP_ARRAY UNITY_NO_SCREENSPACE_SHADOWS UNITY_PBS_USE_BRDF2 SHADER_API_DESKTOP UNITY_HARDWARE_TIER3 UNITY_LIGHTMAP_DLDR_ENCODING ok=1
Cmd: compileSnippet
  api=4 type=1 insize=5029 outsize=3534 kw= pd=UNITY_NO_DXT5nm UNITY_ENABLE_REFLECTION_BUFFERS UNITY_NO_CUBEMAP_ARRAY UNITY_NO_SCREENSPACE_SHADOWS UNITY_PBS_USE_BRDF2 SHADER_API_DESKTOP UNITY_HARDWARE_TIER3 UNITY_LIGHTMAP_DLDR_ENCODING ok=1
Cmd: compileSnippet
  api=4 type=0 insize=7853 outsize=1138 kw= pd=UNITY_NO_DXT5nm UNITY_ENABLE_REFLECTION_BUFFERS UNITY_NO_CUBEMAP_ARRAY UNITY_NO_SCREENSPACE_SHADOWS UNITY_PBS_USE_BRDF2 SHADER_API_DESKTOP UNITY_HARDWARE_TIER3 UNITY_LIGHTMAP_DLDR_ENCODING ok=1
Cmd: compileSnippet
  api=4 type=1 insize=7853 outsize=4770 kw= pd=UNITY_NO_DXT5nm UNITY_ENABLE_REFLECTION_BUFFERS UNITY_NO_CUBEMAP_ARRAY UNITY_NO_SCREENSPACE_SHADOWS UNITY_PBS_USE_BRDF2 SHADER_API_DESKTOP UNITY_HARDWARE_TIER3 UNITY_LIGHTMAP_DLDR_ENCODING ok=1
Cmd: compileSnippet
  api=4 type=0 insize=7853 outsize=1138 kw= pd=UNITY_NO_DXT5nm UNITY_ENABLE_REFLECTION_BUFFERS UNITY_NO_CUBEMAP_ARRAY UNITY_NO_SCREENSPACE_SHADOWS UNITY_PBS_USE_BRDF2 SHADER_API_DESKTOP UNITY_HARDWARE_TIER3 UNITY_LIGHTMAP_DLDR_ENCODING ok=1
Cmd: compileSnippet
  api=4 type=1 insize=7853 outsize=4770 kw= pd=UNITY_NO_DXT5nm UNITY_ENABLE_REFLECTION_BUFFERS UNITY_NO_CUBEMAP_ARRAY UNITY_NO_SCREENSPACE_SHADOWS UNITY_PBS_USE_BRDF2 SHADER_API_DESKTOP UNITY_HARDWARE_TIER3 UNITY_LIGHTMAP_DLDR_ENCODING ok=1
Cmd: compileSnippet
  api=4 type=0 insize=1341 outsize=790 kw= pd=UNITY_NO_DXT5nm UNITY_ENABLE_REFLECTION_BUFFERS UNITY_NO_CUBEMAP_ARRAY UNITY_NO_SCREENSPACE_SHADOWS UNITY_PBS_USE_BRDF2 SHADER_API_DESKTOP UNITY_HARDWARE_TIER3 UNITY_LIGHTMAP_DLDR_ENCODING ok=1
Cmd: compileSnippet
  api=4 type=1 insize=1341 outsize=402 kw= pd=UNITY_NO_DXT5nm UNITY_ENABLE_REFLECTION_BUFFERS UNITY_NO_CUBEMAP_ARRAY UNITY_NO_SCREENSPACE_SHADOWS UNITY_PBS_USE_BRDF2 SHADER_API_DESKTOP UNITY_HARDWARE_TIER3 UNITY_LIGHTMAP_DLDR_ENCODING ok=1
Cmd: compileSnippet
  api=4 type=0 insize=1341 outsize=790 kw= pd=UNITY_NO_DXT5nm UNITY_ENABLE_REFLECTION_BUFFERS UNITY_NO_CUBEMAP_ARRAY UNITY_NO_SCREENSPACE_SHADOWS UNITY_PBS_USE_BRDF2 SHADER_API_DESKTOP UNITY_HARDWARE_TIER3 UNITY_LIGHTMAP_DLDR_ENCODING ok=1
Cmd: compileSnippet
  api=4 type=1 insize=1341 outsize=402 kw= pd=UNITY_NO_DXT5nm UNITY_ENABLE_REFLECTION_BUFFERS UNITY_NO_CUBEMAP_ARRAY UNITY_NO_SCREENSPACE_SHADOWS UNITY_PBS_USE_BRDF2 SHADER_API_DESKTOP UNITY_HARDWARE_TIER3 UNITY_LIGHTMAP_DLDR_ENCODING ok=1
Cmd: compileSnippet
  api=4 type=0 insize=1878 outsize=1082 kw= pd=UNITY_NO_DXT5nm UNITY_ENABLE_REFLECTION_BUFFERS UNITY_NO_CUBEMAP_ARRAY UNITY_NO_SCREENSPACE_SHADOWS UNITY_PBS_USE_BRDF2 SHADER_API_DESKTOP UNITY_HARDWARE_TIER3 UNITY_LIGHTMAP_DLDR_ENCODING ok=1
Cmd: compileSnippet
  api=4 type=1 insize=1878 outsize=778 kw= pd=UNITY_NO_DXT5nm UNITY_ENABLE_REFLECTION_BUFFERS UNITY_NO_CUBEMAP_ARRAY UNITY_NO_SCREENSPACE_SHADOWS UNITY_PBS_USE_BRDF2 SHADER_API_DESKTOP UNITY_HARDWARE_TIER3 UNITY_LIGHTMAP_DLDR_ENCODING ok=1
Cmd: compileSnippet
  api=4 type=0 insize=1878 outsize=1082 kw= pd=UNITY_NO_DXT5nm UNITY_ENABLE_REFLECTION_BUFFERS UNITY_NO_CUBEMAP_ARRAY UNITY_NO_SCREENSPACE_SHADOWS UNITY_PBS_USE_BRDF2 SHADER_API_DESKTOP UNITY_HARDWARE_TIER3 UNITY_LIGHTMAP_DLDR_ENCODING ok=1
Cmd: compileSnippet
  api=4 type=1 insize=1878 outsize=778 kw= pd=UNITY_NO_DXT5nm UNITY_ENABLE_REFLECTION_BUFFERS UNITY_NO_CUBEMAP_ARRAY UNITY_NO_SCREENSPACE_SHADOWS UNITY_PBS_USE_BRDF2 SHADER_API_DESKTOP UNITY_HARDWARE_TIER3 UNITY_LIGHTMAP_DLDR_ENCODING ok=1
Cmd: compileSnippet
  api=4 type=0 insize=1842 outsize=1082 kw= pd=UNITY_NO_DXT5nm UNITY_ENABLE_REFLECTION_BUFFERS UNITY_NO_CUBEMAP_ARRAY UNITY_NO_SCREENSPACE_SHADOWS UNITY_PBS_USE_BRDF2 SHADER_API_DESKTOP UNITY_HARDWARE_TIER3 UNITY_LIGHTMAP_DLDR_ENCODING ok=1
Cmd: compileSnippet
  api=4 type=1 insize=1842 outsize=798 kw= pd=UNITY_NO_DXT5nm UNITY_ENABLE_REFLECTION_BUFFERS UNITY_NO_CUBEMAP_ARRAY UNITY_NO_SCREENSPACE_SHADOWS UNITY_PBS_USE_BRDF2 SHADER_API_DESKTOP UNITY_HARDWARE_TIER3 UNITY_LIGHTMAP_DLDR_ENCODING ok=1
Cmd: compileSnippet
  api=4 type=0 insize=1842 outsize=1082 kw= pd=UNITY_NO_DXT5nm UNITY_ENABLE_REFLECTION_BUFFERS UNITY_NO_CUBEMAP_ARRAY UNITY_NO_SCREENSPACE_SHADOWS UNITY_PBS_USE_BRDF2 SHADER_API_DESKTOP UNITY_HARDWARE_TIER3 UNITY_LIGHTMAP_DLDR_ENCODING ok=1
Cmd: compileSnippet
  api=4 type=1 insize=1842 outsize=798 kw= pd=UNITY_NO_DXT5nm UNITY_ENABLE_REFLECTION_BUFFERS UNITY_NO_CUBEMAP_ARRAY UNITY_NO_SCREENSPACE_SHADOWS UNITY_PBS_USE_BRDF2 SHADER_API_DESKTOP UNITY_HARDWARE_TIER3 UNITY_LIGHTMAP_DLDR_ENCODING ok=1
Cmd: compileSnippet
  api=4 type=0 insize=1701 outsize=1094 kw= pd=UNITY_NO_DXT5nm UNITY_ENABLE_REFLECTION_BUFFERS UNITY_NO_CUBEMAP_ARRAY UNITY_NO_SCREENSPACE_SHADOWS UNITY_PBS_USE_BRDF2 SHADER_API_DESKTOP UNITY_HARDWARE_TIER3 UNITY_LIGHTMAP_DLDR_ENCODING ok=1
Cmd: compileSnippet
  api=4 type=1 insize=1701 outsize=522 kw= pd=UNITY_NO_DXT5nm UNITY_ENABLE_REFLECTION_BUFFERS UNITY_NO_CUBEMAP_ARRAY UNITY_NO_SCREENSPACE_SHADOWS UNITY_PBS_USE_BRDF2 SHADER_API_DESKTOP UNITY_HARDWARE_TIER3 UNITY_LIGHTMAP_DLDR_ENCODING ok=1
Cmd: compileSnippet
  api=4 type=0 insize=1701 outsize=1094 kw= pd=UNITY_NO_DXT5nm UNITY_ENABLE_REFLECTION_BUFFERS UNITY_NO_CUBEMAP_ARRAY UNITY_NO_SCREENSPACE_SHADOWS UNITY_PBS_USE_BRDF2 SHADER_API_DESKTOP UNITY_HARDWARE_TIER3 UNITY_LIGHTMAP_DLDR_ENCODING ok=1
Cmd: compileSnippet
  api=4 type=1 insize=1701 outsize=522 kw= pd=UNITY_NO_DXT5nm UNITY_ENABLE_REFLECTION_BUFFERS UNITY_NO_CUBEMAP_ARRAY UNITY_NO_SCREENSPACE_SHADOWS UNITY_PBS_USE_BRDF2 SHADER_API_DESKTOP UNITY_HARDWARE_TIER3 UNITY_LIGHTMAP_DLDR_ENCODING ok=1
Cmd: compileSnippet
  api=4 type=0 insize=4140 outsize=1342 kw= pd=UNITY_NO_DXT5nm UNITY_ENABLE_REFLECTION_BUFFERS UNITY_NO_CUBEMAP_ARRAY UNITY_NO_SCREENSPACE_SHADOWS UNITY_PBS_USE_BRDF2 SHADER_API_DESKTOP UNITY_HARDWARE_TIER3 UNITY_LIGHTMAP_DLDR_ENCODING ok=1
Cmd: compileSnippet
  api=4 type=1 insize=4140 outsize=1026 kw= pd=UNITY_NO_DXT5nm UNITY_ENABLE_REFLECTION_BUFFERS UNITY_NO_CUBEMAP_ARRAY UNITY_NO_SCREENSPACE_SHADOWS UNITY_PBS_USE_BRDF2 SHADER_API_DESKTOP UNITY_HARDWARE_TIER3 UNITY_LIGHTMAP_DLDR_ENCODING ok=1
Cmd: compileSnippet
  api=4 type=0 insize=1863 outsize=650 kw= pd=UNITY_NO_DXT5nm UNITY_ENABLE_REFLECTION_BUFFERS UNITY_NO_CUBEMAP_ARRAY UNITY_NO_SCREENSPACE_SHADOWS UNITY_PBS_USE_BRDF2 SHADER_API_DESKTOP UNITY_HARDWARE_TIER3 UNITY_LIGHTMAP_DLDR_ENCODING ok=1
Cmd: compileSnippet
  api=4 type=1 insize=1863 outsize=298 kw= pd=UNITY_NO_DXT5nm UNITY_ENABLE_REFLECTION_BUFFERS UNITY_NO_CUBEMAP_ARRAY UNITY_NO_SCREENSPACE_SHADOWS UNITY_PBS_USE_BRDF2 SHADER_API_DESKTOP UNITY_HARDWARE_TIER3 UNITY_LIGHTMAP_DLDR_ENCODING ok=1
Cmd: compileSnippet
  api=4 type=0 insize=6643 outsize=650 kw= pd=UNITY_NO_DXT5nm UNITY_ENABLE_REFLECTION_BUFFERS UNITY_NO_CUBEMAP_ARRAY UNITY_NO_SCREENSPACE_SHADOWS UNITY_PBS_USE_BRDF2 SHADER_API_DESKTOP UNITY_HARDWARE_TIER3 UNITY_LIGHTMAP_DLDR_ENCODING ok=1
Cmd: compileSnippet
  api=4 type=1 insize=6643 outsize=6150 kw= pd=UNITY_NO_DXT5nm UNITY_ENABLE_REFLECTION_BUFFERS UNITY_NO_CUBEMAP_ARRAY UNITY_NO_SCREENSPACE_SHADOWS UNITY_PBS_USE_BRDF2 SHADER_API_DESKTOP UNITY_HARDWARE_TIER3 UNITY_LIGHTMAP_DLDR_ENCODING ok=1
Cmd: compileSnippet
  api=4 type=0 insize=738 outsize=650 kw=_DEPTH_NO_MSAA pd=UNITY_NO_DXT5nm UNITY_ENABLE_REFLECTION_BUFFERS UNITY_NO_CUBEMAP_ARRAY UNITY_NO_SCREENSPACE_SHADOWS UNITY_PBS_USE_BRDF2 SHADER_API_DESKTOP UNITY_HARDWARE_TIER3 UNITY_LIGHTMAP_DLDR_ENCODING ok=1
Cmd: compileSnippet
  api=4 type=1 insize=738 outsize=318 kw=_DEPTH_NO_MSAA pd=UNITY_NO_DXT5nm UNITY_ENABLE_REFLECTION_BUFFERS UNITY_NO_CUBEMAP_ARRAY UNITY_NO_SCREENSPACE_SHADOWS UNITY_PBS_USE_BRDF2 SHADER_API_DESKTOP UNITY_HARDWARE_TIER3 UNITY_LIGHTMAP_DLDR_ENCODING ok=1
